{
  "RSpec": {
    "coverage": {
      "/Users/jankoszewski/Dropbox/hungry academy/projects/sales_engine/sales_engine/lib/sales_engine.rb": [
        1,
        1,
        1,
        1,
        1,
        1,
        1,
        1,
        null,
        1,
        1,
        1,
        1,
        null,
        null,
        1,
        1,
        null,
        null,
        null
      ],
      "/Users/jankoszewski/Dropbox/hungry academy/projects/sales_engine/sales_engine/lib/sales_engine/database.rb": [
        1,
        1,
        null,
        1,
        null,
        1,
        1,
        null,
        1,
        null,
        null,
        null,
        1,
        1,
        1,
        1,
        1,
        1,
        1,
        null,
        null,
        1,
        6,
        6,
        35714,
        null,
        null,
        1,
        6,
        null,
        null,
        1,
        0,
        null,
        null,
        1,
        0,
        null,
        null,
        1,
        0,
        null,
        null,
        1,
        0,
        null,
        null,
        1,
        0,
        null,
        null,
        1,
        0,
        null,
        null,
        null,
        null
      ],
      "/Users/jankoszewski/Dropbox/hungry academy/projects/sales_engine/sales_engine/lib/sales_engine/merchant.rb": [
        1,
        1,
        null,
        1,
        null,
        1,
        null,
        1,
        109,
        109,
        109,
        100,
        null,
        null,
        1,
        0,
        null,
        null,
        1,
        0,
        null,
        null,
        1,
        0,
        null,
        null,
        1,
        0,
        null,
        null,
        1,
        null,
        1,
        4,
        0,
        0,
        null,
        null,
        null,
        4,
        0,
        0,
        null,
        null,
        null,
        null,
        null,
        1,
        0,
        0,
        null,
        null,
        null,
        1,
        null,
        0,
        0,
        null,
        null,
        1,
        0,
        null,
        0,
        0,
        null,
        null,
        1,
        null,
        0,
        0,
        null,
        null,
        1,
        null,
        0,
        0,
        null,
        0,
        null,
        null,
        1,
        0,
        0,
        0,
        null,
        null,
        1,
        0,
        0,
        0,
        null,
        null,
        null,
        0,
        0,
        null,
        null,
        null,
        1,
        0,
        null,
        0,
        0,
        null,
        null,
        1,
        0,
        0,
        0,
        null,
        null,
        null,
        1,
        0,
        null,
        null,
        1,
        0,
        0,
        null,
        null,
        null,
        1,
        0,
        0,
        0,
        0,
        null,
        null,
        0,
        null,
        null,
        1,
        0,
        0,
        0,
        0,
        null,
        null,
        0,
        null,
        null,
        1,
        0,
        0,
        null,
        null,
        null,
        null,
        null
      ],
      "/Users/jankoszewski/Dropbox/hungry academy/projects/sales_engine/sales_engine/lib/sales_engine/customer.rb": [
        1,
        null,
        1,
        null,
        1,
        null,
        null,
        null,
        1,
        1001,
        1001,
        1001,
        1001,
        1000,
        null,
        null,
        1,
        0,
        null,
        null,
        1,
        0,
        null,
        null,
        1,
        0,
        null,
        null,
        1,
        1,
        null,
        5,
        20,
        14088,
        null,
        null,
        null,
        5,
        0,
        0,
        null,
        null,
        null,
        null,
        null,
        1,
        0,
        null,
        0,
        0,
        null,
        null,
        1,
        0,
        0,
        null,
        null,
        null,
        1,
        null,
        0,
        0,
        null,
        null,
        1,
        0,
        null,
        null,
        1,
        0,
        0,
        null,
        null,
        null,
        null,
        null
      ],
      "/Users/jankoszewski/Dropbox/hungry academy/projects/sales_engine/sales_engine/lib/sales_engine/item.rb": [
        1,
        null,
        1,
        null,
        1,
        null,
        null,
        null,
        1,
        2494,
        2494,
        2494,
        2494,
        2494,
        2494,
        2483,
        null,
        null,
        1,
        1,
        null,
        null,
        1,
        1,
        null,
        7,
        35,
        86905,
        null,
        null,
        null,
        7,
        16,
        39728,
        null,
        null,
        null,
        null,
        null,
        1,
        0,
        null,
        null,
        1,
        0,
        0,
        null,
        null,
        null,
        1,
        0,
        0,
        null,
        null,
        1,
        0,
        null,
        null,
        1,
        0,
        null,
        0,
        0,
        null,
        0,
        null,
        null,
        1,
        0,
        null,
        0,
        0,
        null,
        null,
        1,
        0,
        0,
        0,
        null,
        null,
        1,
        null,
        0,
        0,
        null,
        null,
        1,
        0,
        0,
        0,
        null,
        null,
        1,
        0,
        null,
        0,
        0,
        null,
        0,
        0,
        null,
        null,
        1,
        0,
        0,
        0,
        null,
        0,
        null,
        null,
        null,
        null
      ],
      "/Users/jankoszewski/Dropbox/hungry academy/projects/sales_engine/sales_engine/lib/sales_engine/invoice.rb": [
        1,
        null,
        1,
        null,
        1,
        null,
        null,
        1,
        4866,
        4866,
        4866,
        4866,
        4866,
        4843,
        null,
        null,
        1,
        1,
        null,
        null,
        1,
        null,
        1,
        null,
        6,
        25,
        101707,
        null,
        null,
        null,
        6,
        14,
        67802,
        null,
        null,
        null,
        null,
        null,
        1,
        0,
        0,
        null,
        null,
        1,
        0,
        null,
        null,
        1,
        0,
        null,
        null,
        1,
        0,
        null,
        null,
        1,
        0,
        null,
        null,
        1,
        0,
        null,
        null,
        1,
        0,
        null,
        0,
        0,
        null,
        null,
        1,
        0,
        null,
        0,
        0,
        null,
        null,
        1,
        0,
        null,
        0,
        0,
        null,
        0,
        null,
        null,
        1,
        0,
        null,
        0,
        0,
        null,
        0,
        null,
        null,
        1,
        null,
        0,
        0,
        null,
        null,
        1,
        0,
        null,
        null,
        1,
        0,
        null,
        null,
        1,
        null,
        0,
        0,
        null,
        null,
        1,
        null,
        0,
        null,
        null,
        0,
        null,
        null,
        null,
        null,
        null,
        null,
        null,
        0,
        0,
        null,
        null,
        1,
        0,
        null,
        null,
        1,
        0,
        null,
        null,
        null,
        null
      ],
      "/Users/jankoszewski/Dropbox/hungry academy/projects/sales_engine/sales_engine/lib/sales_engine/invoice_item.rb": [
        1,
        null,
        1,
        null,
        1,
        null,
        null,
        null,
        1,
        21687,
        21687,
        21687,
        21687,
        21687,
        21687,
        21687,
        null,
        null,
        1,
        0,
        null,
        null,
        1,
        1,
        null,
        7,
        0,
        0,
        null,
        null,
        null,
        7,
        0,
        0,
        null,
        null,
        null,
        null,
        null,
        1,
        0,
        null,
        null,
        1,
        0,
        null,
        null,
        1,
        0,
        null,
        null,
        1,
        0,
        null,
        0,
        0,
        null,
        0,
        null,
        null,
        1,
        null,
        0,
        0,
        null,
        0,
        null,
        null,
        1,
        0,
        0,
        0,
        null,
        null,
        0,
        0,
        null,
        null,
        null,
        null,
        null,
        null,
        0,
        0,
        null,
        null,
        null,
        1,
        0,
        null,
        null,
        1,
        0,
        null,
        null,
        null,
        null
      ],
      "/Users/jankoszewski/Dropbox/hungry academy/projects/sales_engine/sales_engine/lib/sales_engine/transaction.rb": [
        1,
        null,
        1,
        null,
        1,
        null,
        null,
        1,
        5601,
        5601,
        5601,
        5601,
        5601,
        5601,
        5595,
        null,
        null,
        1,
        0,
        null,
        null,
        1,
        1,
        null,
        7,
        0,
        0,
        null,
        null,
        null,
        7,
        0,
        0,
        null,
        null,
        null,
        null,
        null,
        1,
        0,
        null,
        null,
        1,
        0,
        null,
        0,
        0,
        null,
        null,
        1,
        0,
        null,
        null,
        1,
        0,
        null,
        null,
        null,
        null,
        null,
        null,
        0,
        0,
        null,
        null,
        1,
        0,
        null,
        null,
        null
      ]
    },
    "timestamp": 1333039454
  }
}
