{
  "RSpec": {
    "coverage": {
      "/Users/jankoszewski/Dropbox/hungry academy/projects/sales_engine/sales_engine/lib/sales_engine.rb": [
        1,
        1,
        1,
        1,
        1,
        1,
        1,
        1,
        1,
        null,
        1,
        1,
        1,
        1,
        null,
        null,
        1,
        1,
        null,
        null,
        null
      ],
      "/Users/jankoszewski/Dropbox/hungry academy/projects/sales_engine/sales_engine/lib/sales_engine/database.rb": [
        1,
        1,
        null,
        1,
        null,
        1,
        1,
        null,
        1,
        null,
        1,
        1,
        1,
        1,
        1,
        1,
        1,
        null,
        null,
        1,
        6,
        6,
        35714,
        null,
        null,
        1,
        6,
        null,
        null,
        1,
        0,
        null,
        null,
        1,
        1,
        null,
        null,
        1,
        0,
        null,
        null,
        1,
        0,
        null,
        null,
        1,
        3,
        null,
        null,
        1,
        1,
        null,
        null,
        null,
        null
      ],
      "/Users/jankoszewski/Dropbox/hungry academy/projects/sales_engine/sales_engine/lib/sales_engine/merchant.rb": [
        1,
        1,
        null,
        1,
        null,
        1,
        null,
        1,
        100,
        100,
        100,
        100,
        null,
        null,
        1,
        0,
        null,
        null,
        1,
        0,
        null,
        null,
        1,
        0,
        null,
        null,
        1,
        3,
        null,
        null,
        1,
        null,
        1,
        4,
        9,
        548,
        null,
        null,
        null,
        4,
        1,
        100,
        null,
        null,
        null,
        null,
        null,
        1,
        0,
        0,
        null,
        null,
        null,
        1,
        null,
        2483,
        2,
        null,
        null,
        1,
        null,
        484399,
        306,
        null,
        null,
        1,
        null,
        0,
        0,
        null,
        null,
        1,
        null,
        4648,
        20744,
        null,
        100,
        null,
        null,
        1,
        1,
        101,
        1,
        null,
        null,
        1,
        202,
        101,
        208,
        null,
        null,
        null,
        4648,
        101,
        null,
        null,
        null,
        1,
        1,
        null,
        100,
        1,
        null,
        null,
        1,
        1,
        1,
        100,
        null,
        null,
        null,
        1,
        301,
        null,
        null,
        1,
        101,
        4687,
        null,
        null,
        null,
        1,
        1,
        1,
        48,
        4,
        null,
        null,
        1,
        null,
        null,
        1,
        50,
        1,
        58,
        55,
        null,
        null,
        50,
        null,
        null,
        1,
        1,
        48,
        null,
        null,
        null,
        null,
        null
      ],
      "/Users/jankoszewski/Dropbox/hungry academy/projects/sales_engine/sales_engine/lib/sales_engine/customer.rb": [
        1,
        null,
        1,
        null,
        1,
        null,
        1,
        1000,
        1000,
        1000,
        1000,
        1000,
        null,
        null,
        1,
        3,
        null,
        null,
        1,
        1,
        5,
        6,
        2420,
        null,
        null,
        null,
        5,
        1,
        1000,
        null,
        null,
        null,
        null,
        null,
        1,
        0,
        null,
        null,
        1,
        0,
        null,
        null,
        1,
        null,
        9686,
        4,
        null,
        null,
        1,
        1,
        1,
        null,
        null,
        null,
        1,
        null,
        1,
        1,
        null,
        null,
        1,
        1,
        null,
        null,
        1,
        1,
        1,
        null,
        null,
        null,
        1,
        0,
        0,
        null,
        null,
        null,
        null,
        null
      ],
      "/Users/jankoszewski/Dropbox/hungry academy/projects/sales_engine/sales_engine/lib/sales_engine/item.rb": [
        1,
        null,
        1,
        null,
        1,
        null,
        1,
        2483,
        2483,
        2483,
        2483,
        2483,
        2483,
        2483,
        null,
        null,
        1,
        5,
        null,
        null,
        1,
        1,
        7,
        5,
        4032,
        null,
        null,
        null,
        7,
        1,
        2483,
        null,
        null,
        null,
        null,
        null,
        1,
        0,
        null,
        null,
        1,
        0,
        0,
        null,
        null,
        null,
        1,
        0,
        0,
        null,
        null,
        1,
        null,
        23,
        1,
        null,
        1,
        null,
        null,
        1,
        0,
        null,
        null,
        1,
        null,
        107777610,
        4969,
        null,
        null,
        1,
        1,
        2484,
        1,
        null,
        null,
        1,
        null,
        21690,
        2483,
        null,
        null,
        1,
        1,
        2484,
        1,
        null,
        null,
        1,
        2483,
        null,
        21690,
        20744,
        null,
        2483,
        2483,
        null,
        null,
        1,
        9,
        1,
        11,
        null,
        9,
        null,
        null,
        1,
        0,
        null,
        null,
        null,
        null
      ],
      "/Users/jankoszewski/Dropbox/hungry academy/projects/sales_engine/sales_engine/lib/sales_engine/invoice.rb": [
        1,
        null,
        1,
        null,
        1,
        null,
        1,
        4844,
        4844,
        4844,
        4844,
        4844,
        4844,
        null,
        null,
        1,
        2,
        null,
        null,
        1,
        null,
        1,
        6,
        9,
        11055,
        null,
        null,
        null,
        6,
        1,
        4843,
        null,
        null,
        null,
        null,
        null,
        1,
        0,
        0,
        null,
        null,
        1,
        0,
        null,
        null,
        1,
        0,
        null,
        null,
        1,
        null,
        203823057,
        36423,
        null,
        null,
        1,
        0,
        null,
        null,
        1,
        null,
        201716991,
        9300,
        null,
        null,
        1,
        0,
        null,
        null,
        1,
        null,
        29538,
        64,
        null,
        64,
        null,
        null,
        1,
        null,
        27,
        1,
        null,
        1,
        null,
        null,
        1,
        0,
        null,
        null,
        1,
        null,
        6,
        5,
        null,
        null,
        1,
        36371,
        null,
        null,
        1,
        48,
        null,
        null,
        1,
        null,
        20744,
        4856,
        null,
        null,
        1,
        null,
        1,
        null,
        1,
        null,
        null,
        null,
        null,
        null,
        null,
        null,
        1,
        1,
        null,
        null,
        1,
        1,
        null,
        null,
        1,
        2,
        null,
        null,
        null,
        null
      ],
      "/Users/jankoszewski/Dropbox/hungry academy/projects/sales_engine/sales_engine/lib/sales_engine/invoice_item.rb": [
        1,
        null,
        1,
        null,
        1,
        null,
        1,
        21690,
        21690,
        21690,
        21690,
        21690,
        21690,
        21690,
        null,
        null,
        1,
        2,
        null,
        null,
        1,
        1,
        7,
        3,
        34701,
        null,
        null,
        null,
        7,
        1,
        21687,
        null,
        null,
        null,
        null,
        null,
        1,
        0,
        null,
        null,
        1,
        0,
        null,
        null,
        1,
        20744,
        null,
        null,
        1,
        null,
        52733982,
        21690,
        null,
        21702,
        null,
        null,
        1,
        null,
        11386,
        8,
        null,
        11,
        null,
        null,
        1,
        1,
        1,
        3,
        null,
        null,
        1,
        3,
        null,
        null,
        null,
        null,
        null,
        null,
        3,
        3,
        null,
        null,
        null,
        1,
        3,
        null,
        null,
        1,
        0,
        null,
        null,
        null,
        null
      ],
      "/Users/jankoszewski/Dropbox/hungry academy/projects/sales_engine/sales_engine/lib/sales_engine/transaction.rb": [
        1,
        null,
        1,
        null,
        1,
        null,
        1,
        5596,
        5596,
        5596,
        5596,
        5596,
        5596,
        5596,
        null,
        null,
        1,
        2,
        null,
        null,
        1,
        1,
        7,
        2,
        6674,
        null,
        null,
        null,
        7,
        1,
        5596,
        null,
        null,
        null,
        null,
        null,
        1,
        0,
        null,
        null,
        1,
        null,
        982,
        1,
        null,
        null,
        1,
        42040,
        null,
        null,
        1,
        1,
        null,
        null,
        null,
        null,
        null,
        null,
        1,
        1,
        null,
        null,
        1,
        1,
        null,
        null,
        null
      ],
      "/Users/jankoszewski/Dropbox/hungry academy/projects/sales_engine/sales_engine/lib/sales_engine/startup_loader.rb": [
        1,
        null,
        1,
        null,
        1,
        null,
        1,
        null,
        1,
        null,
        1,
        0,
        0,
        null,
        null,
        1,
        0,
        null,
        null,
        1,
        0,
        0,
        null,
        null,
        null
      ],
      "/Users/jankoszewski/Dropbox/hungry academy/projects/sales_engine/sales_engine/spec2/invoice_item_spec.rb": [
        1,
        null,
        1,
        1,
        1,
        1,
        1,
        1,
        null,
        1,
        1,
        0,
        null,
        null,
        1,
        null,
        null,
        null,
        1,
        1,
        1,
        1,
        null,
        null,
        null,
        1,
        1,
        1,
        1,
        null,
        null,
        null,
        null,
        1,
        3,
        null,
        1,
        1,
        1,
        null,
        null,
        null,
        1,
        1,
        1,
        null,
        null,
        null,
        null,
        null,
        1,
        null,
        null,
        null,
        null
      ],
      "/Users/jankoszewski/Dropbox/hungry academy/projects/sales_engine/sales_engine/spec2/invoice_spec.rb": [
        1,
        null,
        1,
        1,
        1,
        1,
        1,
        1,
        null,
        1,
        1,
        0,
        null,
        null,
        1,
        null,
        null,
        null,
        1,
        1,
        1,
        1,
        null,
        null,
        null,
        1,
        1,
        1,
        1,
        null,
        null,
        null,
        null,
        1,
        7,
        null,
        1,
        1,
        1,
        null,
        null,
        null,
        1,
        1,
        1,
        null,
        null,
        1,
        4,
        1,
        null,
        null,
        null,
        1,
        1,
        1,
        1,
        null,
        null,
        null,
        1,
        1,
        1,
        null,
        null,
        1,
        4,
        1,
        null,
        null,
        null,
        null,
        1,
        null,
        1,
        2,
        2,
        1,
        4,
        null,
        1,
        null,
        1,
        null,
        1,
        3,
        null,
        null,
        null,
        1,
        null,
        null,
        null,
        1,
        1,
        1,
        1,
        null,
        1,
        null,
        1,
        1,
        null,
        null,
        null,
        null,
        null
      ],
      "/Users/jankoszewski/Dropbox/hungry academy/projects/sales_engine/sales_engine/spec2/item_spec.rb": [
        1,
        null,
        1,
        1,
        1,
        1,
        1,
        1,
        null,
        1,
        1,
        0,
        null,
        null,
        1,
        null,
        null,
        null,
        1,
        1,
        1,
        1,
        null,
        null,
        null,
        1,
        1,
        1,
        1,
        null,
        null,
        null,
        null,
        1,
        4,
        null,
        1,
        1,
        1,
        null,
        null,
        1,
        1,
        8,
        null,
        null,
        null,
        null,
        1,
        1,
        1,
        null,
        null,
        null,
        null,
        null,
        1,
        null,
        1,
        1,
        1,
        null,
        1,
        1,
        null,
        null,
        null,
        1,
        1,
        1,
        null,
        1,
        1,
        null,
        null,
        null,
        1,
        2,
        null,
        1,
        1,
        1,
        null,
        null,
        null,
        null,
        null
      ],
      "/Users/jankoszewski/Dropbox/hungry academy/projects/sales_engine/sales_engine/spec2/merchant_spec.rb": [
        1,
        null,
        1,
        1,
        1,
        1,
        1,
        1,
        null,
        1,
        1,
        0,
        null,
        null,
        1,
        null,
        null,
        null,
        1,
        1,
        1,
        1,
        null,
        null,
        null,
        1,
        1,
        1,
        1,
        null,
        null,
        null,
        null,
        1,
        5,
        null,
        1,
        1,
        1,
        null,
        null,
        1,
        31,
        1,
        null,
        null,
        null,
        1,
        1,
        1,
        null,
        null,
        1,
        2,
        1,
        null,
        null,
        null,
        null,
        1,
        null,
        1,
        1,
        1,
        null,
        1,
        1,
        null,
        null,
        null,
        1,
        1,
        1,
        1,
        1,
        null,
        null,
        null,
        1,
        1,
        1,
        1,
        1,
        null,
        null,
        null,
        1,
        1,
        2,
        null,
        1,
        1,
        null,
        null,
        1,
        2,
        null,
        1,
        1,
        null,
        1,
        null,
        null,
        null,
        null,
        1,
        2,
        1,
        1,
        null,
        null,
        null,
        1,
        1,
        1,
        1,
        1,
        null,
        null,
        null,
        null,
        1,
        2,
        null,
        1,
        1,
        1,
        1,
        2,
        null,
        null,
        null,
        null,
        null,
        null
      ],
      "/Users/jankoszewski/Dropbox/hungry academy/projects/sales_engine/sales_engine/spec2/transaction_spec.rb": [
        1,
        null,
        1,
        null,
        1,
        1,
        1,
        1,
        1,
        null,
        1,
        1,
        0,
        null,
        null,
        1,
        null,
        null,
        null,
        1,
        1,
        1,
        1,
        null,
        null,
        null,
        1,
        1,
        1,
        1,
        null,
        null,
        null,
        null,
        1,
        2,
        null,
        1,
        1,
        1,
        1,
        null,
        null,
        null,
        null,
        null,
        1,
        null,
        null,
        null,
        null
      ]
    },
    "timestamp": 1333035722
  }
}
